The ``say_my_name`` module
======================

using ``say_my_name``

----------------------
Testing import
    >>> say_my_name = __import__('3-say_my_name').say_my_name


Testing Normal Display
    >>> say_my_name('Ahmed', 'Belhaj')
    My name is Ahmed Belhaj

Testing There is no Last name
    >>> say_my_name('Ahmed')
    My name is Ahmed 

Testing First Name is Not str
    >>> say_my_name(5, 'Belhaj')
    Traceback (most recent call last):
    ...
    TypeError: first_name must be a string

Testing last name is not str
    >>> say_my_name('Ahmed',5)
    Traceback (most recent call last):
    ...
    TypeError: last_name must be a string

Testing without args
    >>> say_my_name()
    Traceback (most recent call last):
    ...
    TypeError: say_my_name() missing 1 required positional argument: 'first_name'
    